<?xml version="1.0" encoding="UTF-8"?>
<!-- Generated by org.testng.reporters.JUnitReportReporter -->
<testsuite hostname="DESKTOP-VI0RFGV" failures="0" tests="1" name="testcases.signuptestcases" time="47.553" errors="0" timestamp="2022-12-19T13:54:08 IST" skipped="0">
  <testcase classname="testcases.signuptestcases" name="verifysignup" time="47.553"/>
  <system-out/>
</testsuite> <!-- testcases.signuptestcases -->
